0 info it worked if it ends with ok
1 verbose cli [ '/usr/bin/nodejs', '/usr/bin/npm', 'rebuild', 'node-sass' ]
2 info using npm@3.6.0
3 info using node@v5.7.0
4 info readInstalled object
5 verbose rebuild path, id [ '/home/vagrant/Code/Semillero/node_modules/laravel-elixir/node_modules/gulp-sass/node_modules/node-sass',
5 verbose rebuild   'node-sass@3.4.2' ]
6 silly rebuild set [ '/home/vagrant/Code/Semillero/node_modules/laravel-elixir/node_modules/gulp-sass/node_modules/node-sass' ]
7 info build /home/vagrant/Code/Semillero/node_modules/laravel-elixir/node_modules/gulp-sass/node_modules/node-sass
8 info lifecycle node-sass@3.4.2~preinstall: node-sass@3.4.2
9 silly lifecycle node-sass@3.4.2~preinstall: no script for preinstall, continuing
10 info linkStuff node-sass@3.4.2
11 silly linkStuff node-sass@3.4.2 has /home/vagrant/Code/Semillero/node_modules/laravel-elixir/node_modules/gulp-sass/node_modules as its parent node_modules
12 verbose linkBins node-sass@3.4.2
13 verbose link bins [ { 'node-sass': 'bin/node-sass' },
13 verbose link bins   '/home/vagrant/Code/Semillero/node_modules/laravel-elixir/node_modules/gulp-sass/node_modules/.bin',
13 verbose link bins   false ]
14 verbose linkMans node-sass@3.4.2
15 verbose rebuildBundles node-sass@3.4.2
16 verbose rebuildBundles [ 'async-foreach',
16 verbose rebuildBundles   'chalk',
16 verbose rebuildBundles   'cross-spawn',
16 verbose rebuildBundles   'gaze',
16 verbose rebuildBundles   'get-stdin',
16 verbose rebuildBundles   'meow',
16 verbose rebuildBundles   'mkdirp',
16 verbose rebuildBundles   'nan',
16 verbose rebuildBundles   'node-gyp',
16 verbose rebuildBundles   'npmconf',
16 verbose rebuildBundles   'request',
16 verbose rebuildBundles   'sass-graph' ]
17 silly gentlyRm /home/vagrant/Code/Semillero/node_modules/laravel-elixir/node_modules/gulp-sass/node_modules/.bin/node-sass is being purged
18 verbose gentlyRm don't care about contents; nuking /home/vagrant/Code/Semillero/node_modules/laravel-elixir/node_modules/gulp-sass/node_modules/.bin/node-sass
19 silly vacuum-fs purging /home/vagrant/Code/Semillero/node_modules/laravel-elixir/node_modules/gulp-sass/node_modules/.bin/node-sass
20 silly vacuum-fs quitting because other entries in /home/vagrant/Code/Semillero/node_modules/laravel-elixir/node_modules/gulp-sass/node_modules/.bin
21 verbose stack Error: EPROTO: protocol error, symlink '../node-sass/bin/node-sass' -> '/home/vagrant/Code/Semillero/node_modules/laravel-elixir/node_modules/gulp-sass/node_modules/.bin/node-sass'
21 verbose stack     at Error (native)
22 verbose cwd /home/vagrant/Code/Semillero
23 error Linux 3.19.0-25-generic
24 error argv "/usr/bin/nodejs" "/usr/bin/npm" "rebuild" "node-sass"
25 error node v5.7.0
26 error npm  v3.6.0
27 error path ../node-sass/bin/node-sass
28 error code EPROTO
29 error errno -71
30 error syscall symlink
31 error EPROTO: protocol error, symlink '../node-sass/bin/node-sass' -> '/home/vagrant/Code/Semillero/node_modules/laravel-elixir/node_modules/gulp-sass/node_modules/.bin/node-sass'
32 error If you need help, you may report this error at:
32 error     <https://github.com/npm/npm/issues>
33 verbose exit [ -71, true ]
